# JRE version: OpenJDK Runtime Environment GraalVM CE 22.3.0 (17.0.5+8) (build 17.0.5+8-jvmci-22.3-b08)
# Java VM: OpenJDK 64-Bit Server VM GraalVM CE 22.3.0 (17.0.5+8-jvmci-22.3-b08, mixed mode, sharing, tiered, jvmci, jvmci compiler, compressed oops, compressed class ptrs, parallel gc, linux-amd64)
GC Precious Log:
 CPUs: 8 total, 1 available
 Memory: 1024M
 Large Page Support: Disabled
 NUMA Support: Disabled
 Compressed Oops: Enabled (32-bit)
 Alignments: Space 512K, Generation 512K, Heap 2M
 Heap Min Capacity: 100M
 Heap Initial Capacity: 100M
 Heap Max Capacity: 512M
 Pre-touch: Disabled
 Parallel Workers: 1
Heap:
 PSYoungGen      total 62464K, used 37059K [0x00000000f5580000, 0x00000000fdb80000, 0x0000000100000000)
  eden space 36352K, 99% used [0x00000000f5580000,0x00000000f78ffff8,0x00000000f7900000)
  from space 26112K, 2% used [0x00000000fa980000,0x00000000faa30d58,0x00000000fc300000)
  to   space 49664K, 0% used [0x00000000f7900000,0x00000000f7900000,0x00000000fa980000)
 ParOldGen       total 349696K, used 349695K [0x00000000e0000000, 0x00000000f5580000, 0x00000000f5580000)
  object space 349696K, 99% used [0x00000000e0000000,0x00000000f557fff8,0x00000000f5580000)
 Metaspace       used 51397K, committed 52352K, reserved 1097728K
  class space    used 5013K, committed 5504K, reserved 1048576K
GC Heap History (20 events):
Event: 2913.704 GC heap before
{Heap before GC invocations=1233 (full 1164):
 PSYoungGen      total 62464K, used 37059K [0x00000000f5580000, 0x00000000fdb80000, 0x0000000100000000)
  eden space 36352K, 100% used [0x00000000f5580000,0x00000000f7900000,0x00000000f7900000)
  from space 26112K, 2% used [0x00000000fa980000,0x00000000faa30d58,0x00000000fc300000)
  to   space 49664K, 0% used [0x00000000f7900000,0x00000000f7900000,0x00000000fa980000)
 ParOldGen       total 349696K, used 349678K [0x00000000e0000000, 0x00000000f5580000, 0x00000000f5580000)
  object space 349696K, 99% used [0x00000000e0000000,0x00000000f557b838,0x00000000f5580000)
 Metaspace       used 51397K, committed 52352K, reserved 1097728K
  class space    used 5013K, committed 5504K, reserved 1048576K
}
Event: 2915.963 GC heap after
{Heap after GC invocations=1233 (full 1164):
 PSYoungGen      total 62464K, used 37059K [0x00000000f5580000, 0x00000000fdb80000, 0x0000000100000000)
  eden space 36352K, 99% used [0x00000000f5580000,0x00000000f78fffe8,0x00000000f7900000)
  from space 26112K, 2% used [0x00000000fa980000,0x00000000faa30d58,0x00000000fc300000)
  to   space 49664K, 0% used [0x00000000f7900000,0x00000000f7900000,0x00000000fa980000)
 ParOldGen       total 349696K, used 349674K [0x00000000e0000000, 0x00000000f5580000, 0x00000000f5580000)
  object space 349696K, 99% used [0x00000000e0000000,0x00000000f557aa60,0x00000000f5580000)
 Metaspace       used 51397K, committed 52352K, reserved 1097728K
  class space    used 5013K, committed 5504K, reserved 1048576K
}
Event: 2915.964 GC heap before
{Heap before GC invocations=1234 (full 1165):
 PSYoungGen      total 62464K, used 37059K [0x00000000f5580000, 0x00000000fdb80000, 0x0000000100000000)
  eden space 36352K, 100% used [0x00000000f5580000,0x00000000f7900000,0x00000000f7900000)
  from space 26112K, 2% used [0x00000000fa980000,0x00000000faa30d58,0x00000000fc300000)
  to   space 49664K, 0% used [0x00000000f7900000,0x00000000f7900000,0x00000000fa980000)
 ParOldGen       total 349696K, used 349685K [0x00000000e0000000, 0x00000000f5580000, 0x00000000f5580000)
  object space 349696K, 99% used [0x00000000e0000000,0x00000000f557d4e8,0x00000000f5580000)
 Metaspace       used 51397K, committed 52352K, reserved 1097728K
  class space    used 5013K, committed 5504K, reserved 1048576K
}
Event: 2918.278 GC heap after
{Heap after GC invocations=1234 (full 1165):
 PSYoungGen      total 62464K, used 37059K [0x00000000f5580000, 0x00000000fdb80000, 0x0000000100000000)
  eden space 36352K, 99% used [0x00000000f5580000,0x00000000f78fffe8,0x00000000f7900000)
  from space 26112K, 2% used [0x00000000fa980000,0x00000000faa30d58,0x00000000fc300000)
  to   space 49664K, 0% used [0x00000000f7900000,0x00000000f7900000,0x00000000fa980000)
 ParOldGen       total 349696K, used 349682K [0x00000000e0000000, 0x00000000f5580000, 0x00000000f5580000)
  object space 349696K, 99% used [0x00000000e0000000,0x00000000f557cab0,0x00000000f5580000)
 Metaspace       used 51397K, committed 52352K, reserved 1097728K
  class space    used 5013K, committed 5504K, reserved 1048576K
}
Event: 2918.278 GC heap before
{Heap before GC invocations=1235 (full 1166):
 PSYoungGen      total 62464K, used 37059K [0x00000000f5580000, 0x00000000fdb80000, 0x0000000100000000)
  eden space 36352K, 99% used [0x00000000f5580000,0x00000000f78fffe8,0x00000000f7900000)
  from space 26112K, 2% used [0x00000000fa980000,0x00000000faa30d58,0x00000000fc300000)
  to   space 49664K, 0% used [0x00000000f7900000,0x00000000f7900000,0x00000000fa980000)
 ParOldGen       total 349696K, used 349682K [0x00000000e0000000, 0x00000000f5580000, 0x00000000f5580000)
  object space 349696K, 99% used [0x00000000e0000000,0x00000000f557cab0,0x00000000f5580000)
 Metaspace       used 51397K, committed 52352K, reserved 1097728K
  class space    used 5013K, committed 5504K, reserved 1048576K
}
Event: 2920.415 GC heap after
{Heap after GC invocations=1235 (full 1166):
 PSYoungGen      total 62464K, used 37059K [0x00000000f5580000, 0x00000000fdb80000, 0x0000000100000000)
  eden space 36352K, 99% used [0x00000000f5580000,0x00000000f78ffeb0,0x00000000f7900000)
  from space 26112K, 2% used [0x00000000fa980000,0x00000000faa30d58,0x00000000fc300000)
  to   space 49664K, 0% used [0x00000000f7900000,0x00000000f7900000,0x00000000fa980000)
 ParOldGen       total 349696K, used 349676K [0x00000000e0000000, 0x00000000f5580000, 0x00000000f5580000)
  object space 349696K, 99% used [0x00000000e0000000,0x00000000f557b3b0,0x00000000f5580000)
 Metaspace       used 51397K, committed 52352K, reserved 1097728K
  class space    used 5013K, committed 5504K, reserved 1048576K
}
Event: 2920.415 GC heap before
{Heap before GC invocations=1236 (full 1167):
 PSYoungGen      total 62464K, used 37059K [0x00000000f5580000, 0x00000000fdb80000, 0x0000000100000000)
  eden space 36352K, 100% used [0x00000000f5580000,0x00000000f7900000,0x00000000f7900000)
  from space 26112K, 2% used [0x00000000fa980000,0x00000000faa30d58,0x00000000fc300000)
  to   space 49664K, 0% used [0x00000000f7900000,0x00000000f7900000,0x00000000fa980000)
 ParOldGen       total 349696K, used 349693K [0x00000000e0000000, 0x00000000f5580000, 0x00000000f5580000)
  object space 349696K, 99% used [0x00000000e0000000,0x00000000f557f4b0,0x00000000f5580000)
 Metaspace       used 51397K, committed 52352K, reserved 1097728K
  class space    used 5013K, committed 5504K, reserved 1048576K
}
Event: 2922.561 GC heap after
{Heap after GC invocations=1236 (full 1167):
 PSYoungGen      total 62464K, used 37059K [0x00000000f5580000, 0x00000000fdb80000, 0x0000000100000000)
  eden space 36352K, 99% used [0x00000000f5580000,0x00000000f78fffa0,0x00000000f7900000)
  from space 26112K, 2% used [0x00000000fa980000,0x00000000faa30d58,0x00000000fc300000)
  to   space 49664K, 0% used [0x00000000f7900000,0x00000000f7900000,0x00000000fa980000)
 ParOldGen       total 349696K, used 349693K [0x00000000e0000000, 0x00000000f5580000, 0x00000000f5580000)
  object space 349696K, 99% used [0x00000000e0000000,0x00000000f557f4b0,0x00000000f5580000)
 Metaspace       used 51397K, committed 52352K, reserved 1097728K
  class space    used 5013K, committed 5504K, reserved 1048576K
}
Event: 2922.561 GC heap before
{Heap before GC invocations=1237 (full 1168):
 PSYoungGen      total 62464K, used 37059K [0x00000000f5580000, 0x00000000fdb80000, 0x0000000100000000)
  eden space 36352K, 99% used [0x00000000f5580000,0x00000000f78ffff8,0x00000000f7900000)
  from space 26112K, 2% used [0x00000000fa980000,0x00000000faa30d58,0x00000000fc300000)
  to   space 49664K, 0% used [0x00000000f7900000,0x00000000f7900000,0x00000000fa980000)
 ParOldGen       total 349696K, used 349693K [0x00000000e0000000, 0x00000000f5580000, 0x00000000f5580000)
  object space 349696K, 99% used [0x00000000e0000000,0x00000000f557f4b0,0x00000000f5580000)
 Metaspace       used 51397K, committed 52352K, reserved 1097728K
  class space    used 5013K, committed 5504K, reserved 1048576K
}
Event: 2924.567 GC heap after
{Heap after GC invocations=1237 (full 1168):
 PSYoungGen      total 62464K, used 37059K [0x00000000f5580000, 0x00000000fdb80000, 0x0000000100000000)
  eden space 36352K, 99% used [0x00000000f5580000,0x00000000f78ffff8,0x00000000f7900000)
  from space 26112K, 2% used [0x00000000fa980000,0x00000000faa30d58,0x00000000fc300000)
  to   space 49664K, 0% used [0x00000000f7900000,0x00000000f7900000,0x00000000fa980000)
 ParOldGen       total 349696K, used 349693K [0x00000000e0000000, 0x00000000f5580000, 0x00000000f5580000)
  object space 349696K, 99% used [0x00000000e0000000,0x00000000f557f4b0,0x00000000f5580000)
 Metaspace       used 51397K, committed 52352K, reserved 1097728K
  class space    used 5013K, committed 5504K, reserved 1048576K
}
Event: 2924.567 GC heap before
{Heap before GC invocations=1238 (full 1169):
 PSYoungGen      total 62464K, used 37059K [0x00000000f5580000, 0x00000000fdb80000, 0x0000000100000000)
  eden space 36352K, 99% used [0x00000000f5580000,0x00000000f78ffff8,0x00000000f7900000)
  from space 26112K, 2% used [0x00000000fa980000,0x00000000faa30d58,0x00000000fc300000)
  to   space 49664K, 0% used [0x00000000f7900000,0x00000000f7900000,0x00000000fa980000)
 ParOldGen       total 349696K, used 349695K [0x00000000e0000000, 0x00000000f5580000, 0x00000000f5580000)
  object space 349696K, 99% used [0x00000000e0000000,0x00000000f557fff8,0x00000000f5580000)
 Metaspace       used 51397K, committed 52352K, reserved 1097728K
  class space    used 5013K, committed 5504K, reserved 1048576K
}
Event: 2926.584 GC heap after
{Heap after GC invocations=1238 (full 1169):
 PSYoungGen      total 62464K, used 37059K [0x00000000f5580000, 0x00000000fdb80000, 0x0000000100000000)
  eden space 36352K, 99% used [0x00000000f5580000,0x00000000f78ffff8,0x00000000f7900000)
  from space 26112K, 2% used [0x00000000fa980000,0x00000000faa30d58,0x00000000fc300000)
  to   space 49664K, 0% used [0x00000000f7900000,0x00000000f7900000,0x00000000fa980000)
 ParOldGen       total 349696K, used 349695K [0x00000000e0000000, 0x00000000f5580000, 0x00000000f5580000)
  object space 349696K, 99% used [0x00000000e0000000,0x00000000f557fef0,0x00000000f5580000)
 Metaspace       used 51397K, committed 52352K, reserved 1097728K
  class space    used 5013K, committed 5504K, reserved 1048576K
}
Event: 2926.584 GC heap before
{Heap before GC invocations=1239 (full 1170):
 PSYoungGen      total 62464K, used 37059K [0x00000000f5580000, 0x00000000fdb80000, 0x0000000100000000)
  eden space 36352K, 99% used [0x00000000f5580000,0x00000000f78ffff8,0x00000000f7900000)
  from space 26112K, 2% used [0x00000000fa980000,0x00000000faa30d58,0x00000000fc300000)
  to   space 49664K, 0% used [0x00000000f7900000,0x00000000f7900000,0x00000000fa980000)
 ParOldGen       total 349696K, used 349695K [0x00000000e0000000, 0x00000000f5580000, 0x00000000f5580000)
  object space 349696K, 99% used [0x00000000e0000000,0x00000000f557ff28,0x00000000f5580000)
 Metaspace       used 51397K, committed 52352K, reserved 1097728K
  class space    used 5013K, committed 5504K, reserved 1048576K
}
Event: 2928.669 GC heap after
{Heap after GC invocations=1239 (full 1170):
 PSYoungGen      total 62464K, used 37059K [0x00000000f5580000, 0x00000000fdb80000, 0x0000000100000000)
  eden space 36352K, 99% used [0x00000000f5580000,0x00000000f78ffff8,0x00000000f7900000)
  from space 26112K, 2% used [0x00000000fa980000,0x00000000faa30d58,0x00000000fc300000)
  to   space 49664K, 0% used [0x00000000f7900000,0x00000000f7900000,0x00000000fa980000)
 ParOldGen       total 349696K, used 349695K [0x00000000e0000000, 0x00000000f5580000, 0x00000000f5580000)
  object space 349696K, 99% used [0x00000000e0000000,0x00000000f557ff28,0x00000000f5580000)
 Metaspace       used 51397K, committed 52352K, reserved 1097728K
  class space    used 5013K, committed 5504K, reserved 1048576K
}
Event: 2928.669 GC heap before
{Heap before GC invocations=1240 (full 1171):
 PSYoungGen      total 62464K, used 37059K [0x00000000f5580000, 0x00000000fdb80000, 0x0000000100000000)
  eden space 36352K, 99% used [0x00000000f5580000,0x00000000f78ffff8,0x00000000f7900000)
  from space 26112K, 2% used [0x00000000fa980000,0x00000000faa30d58,0x00000000fc300000)
  to   space 49664K, 0% used [0x00000000f7900000,0x00000000f7900000,0x00000000fa980000)
 ParOldGen       total 349696K, used 349695K [0x00000000e0000000, 0x00000000f5580000, 0x00000000f5580000)
  object space 349696K, 99% used [0x00000000e0000000,0x00000000f557fff8,0x00000000f5580000)
 Metaspace       used 51397K, committed 52352K, reserved 1097728K
  class space    used 5013K, committed 5504K, reserved 1048576K
}
Event: 2930.723 GC heap after
{Heap after GC invocations=1240 (full 1171):
 PSYoungGen      total 62464K, used 37059K [0x00000000f5580000, 0x00000000fdb80000, 0x0000000100000000)
  eden space 36352K, 99% used [0x00000000f5580000,0x00000000f78ffff8,0x00000000f7900000)
  from space 26112K, 2% used [0x00000000fa980000,0x00000000faa30d58,0x00000000fc300000)
  to   space 49664K, 0% used [0x00000000f7900000,0x00000000f7900000,0x00000000fa980000)
 ParOldGen       total 349696K, used 349695K [0x00000000e0000000, 0x00000000f5580000, 0x00000000f5580000)
  object space 349696K, 99% used [0x00000000e0000000,0x00000000f557ff48,0x00000000f5580000)
 Metaspace       used 51397K, committed 52352K, reserved 1097728K
  class space    used 5013K, committed 5504K, reserved 1048576K
}
Event: 2930.758 GC heap before
{Heap before GC invocations=1241 (full 1172):
 PSYoungGen      total 62464K, used 37059K [0x00000000f5580000, 0x00000000fdb80000, 0x0000000100000000)
  eden space 36352K, 99% used [0x00000000f5580000,0x00000000f78ffff8,0x00000000f7900000)
  from space 26112K, 2% used [0x00000000fa980000,0x00000000faa30d58,0x00000000fc300000)
  to   space 49664K, 0% used [0x00000000f7900000,0x00000000f7900000,0x00000000fa980000)
 ParOldGen       total 349696K, used 349695K [0x00000000e0000000, 0x00000000f5580000, 0x00000000f5580000)
  object space 349696K, 99% used [0x00000000e0000000,0x00000000f557ff88,0x00000000f5580000)
 Metaspace       used 51397K, committed 52352K, reserved 1097728K
  class space    used 5013K, committed 5504K, reserved 1048576K
}
Event: 2932.722 GC heap after
{Heap after GC invocations=1241 (full 1172):
 PSYoungGen      total 62464K, used 37059K [0x00000000f5580000, 0x00000000fdb80000, 0x0000000100000000)
  eden space 36352K, 99% used [0x00000000f5580000,0x00000000f78ffff8,0x00000000f7900000)
  from space 26112K, 2% used [0x00000000fa980000,0x00000000faa30d58,0x00000000fc300000)
  to   space 49664K, 0% used [0x00000000f7900000,0x00000000f7900000,0x00000000fa980000)
 ParOldGen       total 349696K, used 349695K [0x00000000e0000000, 0x00000000f5580000, 0x00000000f5580000)
  object space 349696K, 99% used [0x00000000e0000000,0x00000000f557ff48,0x00000000f5580000)
 Metaspace       used 51397K, committed 52352K, reserved 1097728K
  class space    used 5013K, committed 5504K, reserved 1048576K
}
Event: 2932.722 GC heap before
{Heap before GC invocations=1242 (full 1173):
 PSYoungGen      total 62464K, used 37059K [0x00000000f5580000, 0x00000000fdb80000, 0x0000000100000000)
  eden space 36352K, 99% used [0x00000000f5580000,0x00000000f78ffff8,0x00000000f7900000)
  from space 26112K, 2% used [0x00000000fa980000,0x00000000faa30d58,0x00000000fc300000)
  to   space 49664K, 0% used [0x00000000f7900000,0x00000000f7900000,0x00000000fa980000)
 ParOldGen       total 349696K, used 349695K [0x00000000e0000000, 0x00000000f5580000, 0x00000000f5580000)
  object space 349696K, 99% used [0x00000000e0000000,0x00000000f557ff48,0x00000000f5580000)
 Metaspace       used 51397K, committed 52352K, reserved 1097728K
  class space    used 5013K, committed 5504K, reserved 1048576K
}
Event: 2934.818 GC heap after
{Heap after GC invocations=1242 (full 1173):
 PSYoungGen      total 62464K, used 37059K [0x00000000f5580000, 0x00000000fdb80000, 0x0000000100000000)
  eden space 36352K, 99% used [0x00000000f5580000,0x00000000f78ffff8,0x00000000f7900000)
  from space 26112K, 2% used [0x00000000fa980000,0x00000000faa30d58,0x00000000fc300000)
  to   space 49664K, 0% used [0x00000000f7900000,0x00000000f7900000,0x00000000fa980000)
 ParOldGen       total 349696K, used 349695K [0x00000000e0000000, 0x00000000f5580000, 0x00000000f5580000)
  object space 349696K, 99% used [0x00000000e0000000,0x00000000f557ff48,0x00000000f5580000)
 Metaspace       used 51397K, committed 52352K, reserved 1097728K
  class space    used 5013K, committed 5504K, reserved 1048576K
}

